<?xml version="1.0" encoding="UTF-8"?>
<testng-results ignored="0" total="1" passed="1" failed="0" skipped="0">
  <reporter-output>
  </reporter-output>
  <suite started-at="2023-07-20T15:27:58 IST" name="Default suite" finished-at="2023-07-20T15:28:02 IST" duration-ms="3996">
    <groups>
    </groups>
    <test started-at="2023-07-20T15:27:58 IST" name="Default test" finished-at="2023-07-20T15:28:02 IST" duration-ms="3996">
      <class name="Selenium1.Selenium1.Demo">
        <test-method is-config="true" signature="setup()[pri:0, instance:Selenium1.Selenium1.Demo@5ba3f27a]" started-at="2023-07-20T15:27:55 IST" name="setup" finished-at="2023-07-20T15:27:58 IST" duration-ms="3116" status="PASS">
          <reporter-output>
          </reporter-output>
        </test-method> <!-- setup -->
        <test-method signature="openBrowser()[pri:0, instance:Selenium1.Selenium1.Demo@5ba3f27a]" started-at="2023-07-20T15:27:58 IST" name="openBrowser" finished-at="2023-07-20T15:28:02 IST" duration-ms="3919" status="PASS">
          <reporter-output>
          </reporter-output>
        </test-method> <!-- openBrowser -->
      </class> <!-- Selenium1.Selenium1.Demo -->
    </test> <!-- Default test -->
  </suite> <!-- Default suite -->
</testng-results>
